<?xml version="1.0" encoding="UTF-8"?>
<testng-results ignored="0" total="1" passed="1" failed="0" skipped="0">
  <reporter-output>
  </reporter-output>
  <suite started-at="2020-10-18T03:18:27Z" name="Suite" finished-at="2020-10-18T03:18:56Z" duration-ms="28878">
    <groups>
      <group name="cucumber">
        <method signature="AbstractTestNGCucumberTests.feature(cucumber.api.testng.CucumberFeatureWrapper)[pri:0, instance:com.TestRunner_Demo.TestRunner@2b72cb8a]" name="feature" class="cucumber.api.testng.AbstractTestNGCucumberTests"/>
      </group> <!-- cucumber -->
    </groups>
    <test started-at="2020-10-18T03:18:27Z" name="Test" finished-at="2020-10-18T03:18:56Z" duration-ms="28878">
      <class name="com.TestRunner_Demo.TestRunner">
        <test-method is-config="true" signature="setup()[pri:0, instance:com.TestRunner_Demo.TestRunner@2b72cb8a]" started-at="2020-10-18T03:18:27Z" name="setup" finished-at="2020-10-18T03:18:35Z" duration-ms="7904" status="PASS">
          <reporter-output>
          </reporter-output>
        </test-method> <!-- setup -->
        <test-method is-config="true" signature="setUpClass()[pri:0, instance:com.TestRunner_Demo.TestRunner@2b72cb8a]" started-at="2020-10-18T03:18:35Z" name="setUpClass" finished-at="2020-10-18T03:18:35Z" duration-ms="310" status="PASS">
          <reporter-output>
          </reporter-output>
        </test-method> <!-- setUpClass -->
        <test-method signature="feature(cucumber.api.testng.CucumberFeatureWrapper)[pri:0, instance:com.TestRunner_Demo.TestRunner@2b72cb8a]" started-at="2020-10-18T03:18:35Z" name="feature" description="Runs Cucumber Feature" data-provider="features" finished-at="2020-10-18T03:18:55Z" duration-ms="19630" status="PASS">
          <params>
            <param index="0">
              <value>
                <![CDATA[Search Functionality]]>
              </value>
            </param>
          </params>
          <reporter-output>
          </reporter-output>
        </test-method> <!-- feature -->
        <test-method is-config="true" signature="tearDownClass()[pri:0, instance:com.TestRunner_Demo.TestRunner@2b72cb8a]" started-at="2020-10-18T03:18:55Z" name="tearDownClass" finished-at="2020-10-18T03:18:55Z" duration-ms="16" status="PASS">
          <reporter-output>
          </reporter-output>
        </test-method> <!-- tearDownClass -->
        <test-method is-config="true" signature="finish()[pri:0, instance:com.TestRunner_Demo.TestRunner@2b72cb8a]" started-at="2020-10-18T03:18:55Z" name="finish" finished-at="2020-10-18T03:18:56Z" duration-ms="852" status="PASS">
          <reporter-output>
          </reporter-output>
        </test-method> <!-- finish -->
      </class> <!-- com.TestRunner_Demo.TestRunner -->
    </test> <!-- Test -->
  </suite> <!-- Suite -->
</testng-results>
