<?xml version="1.0" encoding="UTF-8"?>
<testng-results ignored="0" total="1" passed="1" failed="0" skipped="0">
  <reporter-output>
  </reporter-output>
  <suite started-at="2020-10-17T14:41:53Z" name="Default suite" finished-at="2020-10-17T14:42:30Z" duration-ms="36488">
    <groups>
      <group name="cucumber">
        <method signature="AbstractTestNGCucumberTests.feature(cucumber.api.testng.CucumberFeatureWrapper)[pri:0, instance:com.TestRunner_Demo.TestRunner@4f704591]" name="feature" class="cucumber.api.testng.AbstractTestNGCucumberTests"/>
      </group> <!-- cucumber -->
    </groups>
    <test started-at="2020-10-17T14:41:53Z" name="Default test" finished-at="2020-10-17T14:42:30Z" duration-ms="36488">
      <class name="com.TestRunner_Demo.TestRunner">
        <test-method is-config="true" signature="setup()[pri:0, instance:com.TestRunner_Demo.TestRunner@4f704591]" started-at="2020-10-17T14:41:53Z" name="setup" finished-at="2020-10-17T14:42:02Z" duration-ms="9146" status="PASS">
          <reporter-output>
          </reporter-output>
        </test-method> <!-- setup -->
        <test-method is-config="true" signature="setUpClass()[pri:0, instance:com.TestRunner_Demo.TestRunner@4f704591]" started-at="2020-10-17T14:42:02Z" name="setUpClass" finished-at="2020-10-17T14:42:03Z" duration-ms="694" status="PASS">
          <reporter-output>
          </reporter-output>
        </test-method> <!-- setUpClass -->
        <test-method signature="feature(cucumber.api.testng.CucumberFeatureWrapper)[pri:0, instance:com.TestRunner_Demo.TestRunner@4f704591]" started-at="2020-10-17T14:42:03Z" name="feature" description="Runs Cucumber Feature" data-provider="features" finished-at="2020-10-17T14:42:29Z" duration-ms="25358" status="PASS">
          <params>
            <param index="0">
              <value>
                <![CDATA[Search Functionality]]>
              </value>
            </param>
          </params>
          <reporter-output>
          </reporter-output>
        </test-method> <!-- feature -->
        <test-method is-config="true" signature="tearDownClass()[pri:0, instance:com.TestRunner_Demo.TestRunner@4f704591]" started-at="2020-10-17T14:42:29Z" name="tearDownClass" finished-at="2020-10-17T14:42:29Z" duration-ms="25" status="PASS">
          <reporter-output>
          </reporter-output>
        </test-method> <!-- tearDownClass -->
        <test-method is-config="true" signature="finish()[pri:0, instance:com.TestRunner_Demo.TestRunner@4f704591]" started-at="2020-10-17T14:42:29Z" name="finish" finished-at="2020-10-17T14:42:30Z" duration-ms="1010" status="PASS">
          <reporter-output>
          </reporter-output>
        </test-method> <!-- finish -->
      </class> <!-- com.TestRunner_Demo.TestRunner -->
    </test> <!-- Default test -->
  </suite> <!-- Default suite -->
</testng-results>
